c:\users\idras\source\repos\idxcrypt\x64\debug\win32_file.obj
c:\users\idras\source\repos\idxcrypt\x64\debug\mylinuxsysfunctions.obj
c:\users\idras\source\repos\idxcrypt\x64\debug\mem_impl.obj
c:\users\idras\source\repos\idxcrypt\x64\debug\linux_file.obj
c:\users\idras\source\repos\idxcrypt\x64\debug\idxcrypt.obj
c:\users\idras\source\repos\idxcrypt\x64\debug\file_struct.obj
c:\users\idras\source\repos\idxcrypt\x64\debug\ansi_utf16_converter.obj
c:\users\idras\source\repos\idxcrypt\x64\debug\idxcrypt.res
c:\users\idras\source\repos\idxcrypt\x64\debug\idxcrypt.pdb
c:\users\idras\source\repos\idxcrypt\x64\debug\idxcrypt.tlog\cl.command.1.tlog
c:\users\idras\source\repos\idxcrypt\x64\debug\idxcrypt.tlog\cl.read.1.tlog
c:\users\idras\source\repos\idxcrypt\x64\debug\idxcrypt.tlog\cl.write.1.tlog
c:\users\idras\source\repos\idxcrypt\x64\debug\idxcrypt.tlog\link-cvtres.read.1.tlog
c:\users\idras\source\repos\idxcrypt\x64\debug\idxcrypt.tlog\link-cvtres.write.1.tlog
c:\users\idras\source\repos\idxcrypt\x64\debug\idxcrypt.tlog\link-rc.read.1.tlog
c:\users\idras\source\repos\idxcrypt\x64\debug\idxcrypt.tlog\link-rc.write.1.tlog
c:\users\idras\source\repos\idxcrypt\x64\debug\idxcrypt.tlog\link.command.1.tlog
c:\users\idras\source\repos\idxcrypt\x64\debug\idxcrypt.tlog\link.read.1.tlog
c:\users\idras\source\repos\idxcrypt\x64\debug\idxcrypt.tlog\link.write.1.tlog
c:\users\idras\source\repos\idxcrypt\x64\debug\idxcrypt.tlog\rc.command.1.tlog
c:\users\idras\source\repos\idxcrypt\x64\debug\idxcrypt.tlog\rc.read.1.tlog
c:\users\idras\source\repos\idxcrypt\x64\debug\idxcrypt.tlog\rc.write.1.tlog
