c:\users\idras\documents\visual studio 2015\projects\new\mid_idxcrypt\mid_idxcrypt\debug\win32_file_def.obj
c:\users\idras\documents\visual studio 2015\projects\new\mid_idxcrypt\mid_idxcrypt\debug\win32_file_dec.obj
c:\users\idras\documents\visual studio 2015\projects\new\mid_idxcrypt\mid_idxcrypt\debug\utf8_utf16_converter_dec.obj
c:\users\idras\documents\visual studio 2015\projects\new\mid_idxcrypt\mid_idxcrypt\debug\utf8_utf16_converter_def.obj
c:\users\idras\documents\visual studio 2015\projects\new\mid_idxcrypt\mid_idxcrypt\debug\mid_idxcrypt.obj
c:\users\idras\documents\visual studio 2015\projects\new\mid_idxcrypt\mid_idxcrypt\debug\mem_impl_def.obj
c:\users\idras\documents\visual studio 2015\projects\new\mid_idxcrypt\mid_idxcrypt\debug\mem_impl_dec.obj
c:\users\idras\documents\visual studio 2015\projects\new\mid_idxcrypt\mid_idxcrypt\debug\linux_file_def.obj
c:\users\idras\documents\visual studio 2015\projects\new\mid_idxcrypt\mid_idxcrypt\debug\linux_file_dec.obj
c:\users\idras\documents\visual studio 2015\projects\new\mid_idxcrypt\mid_idxcrypt\debug\getcwd.obj
c:\users\idras\documents\visual studio 2015\projects\new\mid_idxcrypt\mid_idxcrypt\debug\file_struct.obj
c:\users\idras\documents\visual studio 2015\projects\new\mid_idxcrypt\mid_idxcrypt\debug\ansi_utf16_converter_def.obj
c:\users\idras\documents\visual studio 2015\projects\new\mid_idxcrypt\mid_idxcrypt\debug\ansi_utf16_converter_dec.obj
c:\users\idras\documents\visual studio 2015\projects\new\mid_idxcrypt\debug\mid_idxcrypt.pdb
c:\users\idras\documents\visual studio 2015\projects\new\mid_idxcrypt\mid_idxcrypt\debug\mid_idxcrypt.tlog\cl.command.1.tlog
c:\users\idras\documents\visual studio 2015\projects\new\mid_idxcrypt\mid_idxcrypt\debug\mid_idxcrypt.tlog\cl.read.1.tlog
c:\users\idras\documents\visual studio 2015\projects\new\mid_idxcrypt\mid_idxcrypt\debug\mid_idxcrypt.tlog\cl.write.1.tlog
c:\users\idras\documents\visual studio 2015\projects\new\mid_idxcrypt\mid_idxcrypt\debug\mid_idxcrypt.tlog\link-cvtres.read.1.tlog
c:\users\idras\documents\visual studio 2015\projects\new\mid_idxcrypt\mid_idxcrypt\debug\mid_idxcrypt.tlog\link-cvtres.write.1.tlog
c:\users\idras\documents\visual studio 2015\projects\new\mid_idxcrypt\mid_idxcrypt\debug\mid_idxcrypt.tlog\link-rc.read.1.tlog
c:\users\idras\documents\visual studio 2015\projects\new\mid_idxcrypt\mid_idxcrypt\debug\mid_idxcrypt.tlog\link-rc.write.1.tlog
c:\users\idras\documents\visual studio 2015\projects\new\mid_idxcrypt\mid_idxcrypt\debug\mid_idxcrypt.tlog\link.command.1.tlog
c:\users\idras\documents\visual studio 2015\projects\new\mid_idxcrypt\mid_idxcrypt\debug\mid_idxcrypt.tlog\link.read.1.tlog
c:\users\idras\documents\visual studio 2015\projects\new\mid_idxcrypt\mid_idxcrypt\debug\mid_idxcrypt.tlog\link.write.1.tlog
