c:\users\idras\documents\visual studio 2015\projects\new\mid_idxcrypt\mid_idxcrypt\x64\debug\win32_file_def.obj
c:\users\idras\documents\visual studio 2015\projects\new\mid_idxcrypt\mid_idxcrypt\x64\debug\win32_file_dec.obj
c:\users\idras\documents\visual studio 2015\projects\new\mid_idxcrypt\mid_idxcrypt\x64\debug\mylinuxsysfunctions.obj
c:\users\idras\documents\visual studio 2015\projects\new\mid_idxcrypt\mid_idxcrypt\x64\debug\mid_idxcrypt.obj
c:\users\idras\documents\visual studio 2015\projects\new\mid_idxcrypt\mid_idxcrypt\x64\debug\mem_impl_def.obj
c:\users\idras\documents\visual studio 2015\projects\new\mid_idxcrypt\mid_idxcrypt\x64\debug\mem_impl_dec.obj
c:\users\idras\documents\visual studio 2015\projects\new\mid_idxcrypt\mid_idxcrypt\x64\debug\linux_file_def.obj
c:\users\idras\documents\visual studio 2015\projects\new\mid_idxcrypt\mid_idxcrypt\x64\debug\linux_file_dec.obj
c:\users\idras\documents\visual studio 2015\projects\new\mid_idxcrypt\mid_idxcrypt\x64\debug\file_struct.obj
c:\users\idras\documents\visual studio 2015\projects\new\mid_idxcrypt\mid_idxcrypt\x64\debug\ansi_utf16_converter_def.obj
c:\users\idras\documents\visual studio 2015\projects\new\mid_idxcrypt\mid_idxcrypt\x64\debug\ansi_utf16_converter_dec.obj
c:\users\idras\documents\visual studio 2015\projects\new\mid_idxcrypt\x64\debug\mid_idxcrypt.ilk
c:\users\idras\documents\visual studio 2015\projects\new\mid_idxcrypt\x64\debug\mid_idxcrypt.exe
c:\users\idras\documents\visual studio 2015\projects\new\mid_idxcrypt\x64\debug\mid_idxcrypt.pdb
c:\users\idras\documents\visual studio 2015\projects\new\mid_idxcrypt\mid_idxcrypt\x64\debug\mid_idxcrypt.tlog\cl.command.1.tlog
c:\users\idras\documents\visual studio 2015\projects\new\mid_idxcrypt\mid_idxcrypt\x64\debug\mid_idxcrypt.tlog\cl.read.1.tlog
c:\users\idras\documents\visual studio 2015\projects\new\mid_idxcrypt\mid_idxcrypt\x64\debug\mid_idxcrypt.tlog\cl.write.1.tlog
c:\users\idras\documents\visual studio 2015\projects\new\mid_idxcrypt\mid_idxcrypt\x64\debug\mid_idxcrypt.tlog\link.command.1.tlog
c:\users\idras\documents\visual studio 2015\projects\new\mid_idxcrypt\mid_idxcrypt\x64\debug\mid_idxcrypt.tlog\link.read.1.tlog
c:\users\idras\documents\visual studio 2015\projects\new\mid_idxcrypt\mid_idxcrypt\x64\debug\mid_idxcrypt.tlog\link.write.1.tlog
