c:\users\idras\documents\visual studio 2015\projects\new\mid_idxcrypt\mid_idxcrypt\release\vc141.pdb
c:\users\idras\documents\visual studio 2015\projects\new\mid_idxcrypt\mid_idxcrypt\release\win32_file_def.obj
c:\users\idras\documents\visual studio 2015\projects\new\mid_idxcrypt\mid_idxcrypt\release\win32_file_dec.obj
c:\users\idras\documents\visual studio 2015\projects\new\mid_idxcrypt\mid_idxcrypt\release\utf8_utf16_converter_dec.obj
c:\users\idras\documents\visual studio 2015\projects\new\mid_idxcrypt\mid_idxcrypt\release\utf8_utf16_converter_def.obj
c:\users\idras\documents\visual studio 2015\projects\new\mid_idxcrypt\mid_idxcrypt\release\mid_idxcrypt.obj
c:\users\idras\documents\visual studio 2015\projects\new\mid_idxcrypt\mid_idxcrypt\release\linux_file_def.obj
c:\users\idras\documents\visual studio 2015\projects\new\mid_idxcrypt\mid_idxcrypt\release\linux_file_dec.obj
c:\users\idras\documents\visual studio 2015\projects\new\mid_idxcrypt\mid_idxcrypt\release\getcwd.obj
c:\users\idras\documents\visual studio 2015\projects\new\mid_idxcrypt\mid_idxcrypt\release\file_struct.obj
c:\users\idras\documents\visual studio 2015\projects\new\mid_idxcrypt\mid_idxcrypt\release\ansi_utf16_converter_def.obj
c:\users\idras\documents\visual studio 2015\projects\new\mid_idxcrypt\mid_idxcrypt\release\ansi_utf16_converter_dec.obj
c:\users\idras\documents\visual studio 2015\projects\new\mid_idxcrypt\mid_idxcrypt\release\mem_impl_def.obj
c:\users\idras\documents\visual studio 2015\projects\new\mid_idxcrypt\mid_idxcrypt\release\mem_impl_dec.obj
c:\users\idras\documents\visual studio 2015\projects\new\mid_idxcrypt\release\mid_idxcrypt.exe
c:\users\idras\documents\visual studio 2015\projects\new\mid_idxcrypt\release\mid_idxcrypt.pdb
c:\users\idras\documents\visual studio 2015\projects\new\mid_idxcrypt\release\mid_idxcrypt.ipdb
c:\users\idras\documents\visual studio 2015\projects\new\mid_idxcrypt\release\mid_idxcrypt.iobj
c:\users\idras\documents\visual studio 2015\projects\new\mid_idxcrypt\mid_idxcrypt\release\mid_idxcrypt.tlog\cl.command.1.tlog
c:\users\idras\documents\visual studio 2015\projects\new\mid_idxcrypt\mid_idxcrypt\release\mid_idxcrypt.tlog\cl.read.1.tlog
c:\users\idras\documents\visual studio 2015\projects\new\mid_idxcrypt\mid_idxcrypt\release\mid_idxcrypt.tlog\cl.write.1.tlog
c:\users\idras\documents\visual studio 2015\projects\new\mid_idxcrypt\mid_idxcrypt\release\mid_idxcrypt.tlog\link.command.1.tlog
c:\users\idras\documents\visual studio 2015\projects\new\mid_idxcrypt\mid_idxcrypt\release\mid_idxcrypt.tlog\link.read.1.tlog
c:\users\idras\documents\visual studio 2015\projects\new\mid_idxcrypt\mid_idxcrypt\release\mid_idxcrypt.tlog\link.write.1.tlog
c:\users\idras\documents\visual studio 2015\projects\new\mid_idxcrypt\mid_idxcrypt\release\mid_idxcrypt.tlog\mid_idxcrypt.write.1u.tlog
